[2025-09-19 17:31:49,211: INFO: main: >>>>>>>> stage Model Prediction Stage started <<<<<<<]
[2025-09-19 17:31:49,217: INFO: common: yaml file: config\config.yaml loaded successfully]
[2025-09-19 17:31:49,222: INFO: common: yaml file: params.yaml loaded successfully]
[2025-09-19 17:31:49,224: INFO: common: Created directory at: artifacts]
[2025-09-19 17:31:49,224: INFO: common: Created directory at: artifacts/model_evaluation]
[2025-09-19 17:31:49,227: INFO: model_pred: Found 45 models]
[2025-09-19 17:31:49,353: INFO: model_pred: Model loaded for store 1]
[2025-09-19 17:31:49,383: INFO: model_pred: Model loaded for store 10]
[2025-09-19 17:31:49,412: INFO: model_pred: Model loaded for store 11]
[2025-09-19 17:31:49,436: INFO: model_pred: Model loaded for store 12]
[2025-09-19 17:31:49,458: INFO: model_pred: Model loaded for store 13]
[2025-09-19 17:31:49,480: INFO: model_pred: Model loaded for store 14]
[2025-09-19 17:31:49,500: INFO: model_pred: Model loaded for store 15]
[2025-09-19 17:31:49,521: INFO: model_pred: Model loaded for store 16]
[2025-09-19 17:31:49,533: INFO: model_pred: Model loaded for store 17]
[2025-09-19 17:31:49,556: INFO: model_pred: Model loaded for store 18]
[2025-09-19 17:31:49,577: INFO: model_pred: Model loaded for store 19]
[2025-09-19 17:31:49,595: INFO: model_pred: Model loaded for store 2]
[2025-09-19 17:31:49,613: INFO: model_pred: Model loaded for store 20]
[2025-09-19 17:31:49,631: INFO: model_pred: Model loaded for store 21]
[2025-09-19 17:31:49,651: INFO: model_pred: Model loaded for store 22]
[2025-09-19 17:31:49,670: INFO: model_pred: Model loaded for store 23]
[2025-09-19 17:31:49,690: INFO: model_pred: Model loaded for store 24]
[2025-09-19 17:31:49,711: INFO: model_pred: Model loaded for store 25]
[2025-09-19 17:31:49,726: INFO: model_pred: Model loaded for store 26]
[2025-09-19 17:31:49,752: INFO: model_pred: Model loaded for store 27]
[2025-09-19 17:31:49,769: INFO: model_pred: Model loaded for store 28]
[2025-09-19 17:31:49,793: INFO: model_pred: Model loaded for store 29]
[2025-09-19 17:31:49,812: INFO: model_pred: Model loaded for store 3]
[2025-09-19 17:31:49,834: INFO: model_pred: Model loaded for store 30]
[2025-09-19 17:31:49,852: INFO: model_pred: Model loaded for store 31]
[2025-09-19 17:31:49,866: INFO: model_pred: Model loaded for store 32]
[2025-09-19 17:31:49,889: INFO: model_pred: Model loaded for store 33]
[2025-09-19 17:31:49,909: INFO: model_pred: Model loaded for store 34]
[2025-09-19 17:31:49,924: INFO: model_pred: Model loaded for store 35]
[2025-09-19 17:31:49,942: INFO: model_pred: Model loaded for store 36]
[2025-09-19 17:31:49,959: INFO: model_pred: Model loaded for store 37]
[2025-09-19 17:31:49,980: INFO: model_pred: Model loaded for store 38]
[2025-09-19 17:31:49,998: INFO: model_pred: Model loaded for store 39]
[2025-09-19 17:31:50,014: INFO: model_pred: Model loaded for store 4]
[2025-09-19 17:31:50,036: INFO: model_pred: Model loaded for store 40]
[2025-09-19 17:31:50,052: INFO: model_pred: Model loaded for store 41]
[2025-09-19 17:31:50,071: INFO: model_pred: Model loaded for store 42]
[2025-09-19 17:31:50,092: INFO: model_pred: Model loaded for store 43]
[2025-09-19 17:31:50,113: INFO: model_pred: Model loaded for store 44]
[2025-09-19 17:31:50,131: INFO: model_pred: Model loaded for store 45]
[2025-09-19 17:31:50,151: INFO: model_pred: Model loaded for store 5]
[2025-09-19 17:31:50,168: INFO: model_pred: Model loaded for store 6]
[2025-09-19 17:31:50,186: INFO: model_pred: Model loaded for store 7]
[2025-09-19 17:31:50,204: INFO: model_pred: Model loaded for store 8]
[2025-09-19 17:31:50,229: INFO: model_pred: Model loaded for store 9]
[2025-09-19 17:31:50,229: ERROR: main: Model for store 53 not found.]
Traceback (most recent call last):
  File "C:\Users\rohan\OneDrive\Desktop\New folder\RetailDemandForecast\main.py", line 63, in <module>
    obj.main()
  File "C:\Users\rohan\OneDrive\Desktop\New folder\RetailDemandForecast\src\retailDemand\pipeline\stage05_model_pred.py", line 15, in main
    model_pred.predSales(store_id=53,date="2010-02-05")
  File "C:\Users\rohan\OneDrive\Desktop\New folder\RetailDemandForecast\src\retailDemand\components\model_pred.py", line 37, in predSales
    raise ValueError(f"Model for store {store_id} not found.")
ValueError: Model for store 53 not found.
[2025-09-19 18:25:41,003: INFO: _internal: [31m[1mWARNING: This is a development server. Do not use it in a production deployment. Use a production WSGI server instead.[0m
 * Running on http://127.0.0.1:5000]
[2025-09-19 18:25:41,003: INFO: _internal: [33mPress CTRL+C to quit[0m]
[2025-09-19 18:25:41,009: INFO: _internal:  * Restarting with stat]
[2025-09-19 18:25:43,319: WARNING: _internal:  * Debugger is active!]
[2025-09-19 18:25:43,327: INFO: _internal:  * Debugger PIN: 578-792-547]
[2025-09-19 18:26:06,504: INFO: _internal: 127.0.0.1 - - [19/Sep/2025 18:26:06] "[35m[1mGET / HTTP/1.1[0m" 500 -]
[2025-09-19 18:26:06,695: INFO: _internal: 127.0.0.1 - - [19/Sep/2025 18:26:06] "GET /?__debugger__=yes&cmd=resource&f=style.css HTTP/1.1" 200 -]
[2025-09-19 18:26:06,742: INFO: _internal: 127.0.0.1 - - [19/Sep/2025 18:26:06] "GET /?__debugger__=yes&cmd=resource&f=debugger.js HTTP/1.1" 200 -]
[2025-09-19 18:26:06,839: INFO: _internal: 127.0.0.1 - - [19/Sep/2025 18:26:06] "GET /?__debugger__=yes&cmd=resource&f=console.png&s=Y9j3RwRiMVCOAhr1YC0t HTTP/1.1" 200 -]
[2025-09-19 18:26:06,872: INFO: _internal: 127.0.0.1 - - [19/Sep/2025 18:26:06] "GET /?__debugger__=yes&cmd=resource&f=console.png HTTP/1.1" 200 -]
[2025-09-19 18:27:43,146: INFO: _internal:  * Detected change in 'C:\\Users\\rohan\\OneDrive\\Desktop\\New folder\\RetailDemandForecast\\app.py', reloading]
[2025-09-19 18:27:43,488: INFO: _internal:  * Restarting with stat]
[2025-09-19 18:28:07,676: INFO: _internal: [31m[1mWARNING: This is a development server. Do not use it in a production deployment. Use a production WSGI server instead.[0m
 * Running on http://127.0.0.1:5000]
[2025-09-19 18:28:07,676: INFO: _internal: [33mPress CTRL+C to quit[0m]
[2025-09-19 18:28:07,684: INFO: _internal:  * Restarting with stat]
[2025-09-19 18:28:09,758: WARNING: _internal:  * Debugger is active!]
[2025-09-19 18:28:09,760: INFO: _internal:  * Debugger PIN: 578-792-547]
[2025-09-19 18:28:16,242: INFO: _internal: 127.0.0.1 - - [19/Sep/2025 18:28:16] "GET / HTTP/1.1" 200 -]
[2025-09-19 18:28:16,307: INFO: _internal: 127.0.0.1 - - [19/Sep/2025 18:28:16] "[33mGET /favicon.ico HTTP/1.1[0m" 404 -]
[2025-09-19 18:29:53,039: INFO: _internal: [31m[1mWARNING: This is a development server. Do not use it in a production deployment. Use a production WSGI server instead.[0m
 * Running on http://127.0.0.1:5000]
[2025-09-19 18:29:53,042: INFO: _internal: [33mPress CTRL+C to quit[0m]
[2025-09-19 18:29:53,043: INFO: _internal:  * Restarting with stat]
[2025-09-19 18:29:55,111: WARNING: _internal:  * Debugger is active!]
[2025-09-19 18:29:55,116: INFO: _internal:  * Debugger PIN: 578-792-547]
[2025-09-19 18:29:58,101: INFO: _internal: 127.0.0.1 - - [19/Sep/2025 18:29:58] "GET / HTTP/1.1" 200 -]
[2025-09-19 18:32:05,275: INFO: _internal: 127.0.0.1 - - [19/Sep/2025 18:32:05] "GET / HTTP/1.1" 200 -]
[2025-09-19 18:32:55,252: INFO: _internal: [31m[1mWARNING: This is a development server. Do not use it in a production deployment. Use a production WSGI server instead.[0m
 * Running on http://127.0.0.1:5000]
[2025-09-19 18:32:55,252: INFO: _internal: [33mPress CTRL+C to quit[0m]
[2025-09-19 18:32:55,252: INFO: _internal:  * Restarting with stat]
[2025-09-19 18:32:56,847: WARNING: _internal:  * Debugger is active!]
[2025-09-19 18:32:56,856: INFO: _internal:  * Debugger PIN: 578-792-547]
[2025-09-19 18:33:08,666: INFO: _internal: 127.0.0.1 - - [19/Sep/2025 18:33:08] "GET / HTTP/1.1" 200 -]
[2025-09-19 18:33:10,552: INFO: _internal: 127.0.0.1 - - [19/Sep/2025 18:33:10] "GET / HTTP/1.1" 200 -]
[2025-09-19 18:33:10,878: INFO: _internal: 127.0.0.1 - - [19/Sep/2025 18:33:10] "GET / HTTP/1.1" 200 -]
[2025-09-19 18:33:11,075: INFO: _internal: 127.0.0.1 - - [19/Sep/2025 18:33:11] "GET / HTTP/1.1" 200 -]
[2025-09-19 18:33:11,236: INFO: _internal: 127.0.0.1 - - [19/Sep/2025 18:33:11] "GET / HTTP/1.1" 200 -]
[2025-09-19 18:33:11,427: INFO: _internal: 127.0.0.1 - - [19/Sep/2025 18:33:11] "GET / HTTP/1.1" 200 -]
[2025-09-19 18:33:11,605: INFO: _internal: 127.0.0.1 - - [19/Sep/2025 18:33:11] "GET / HTTP/1.1" 200 -]
[2025-09-19 18:33:11,922: INFO: _internal: 127.0.0.1 - - [19/Sep/2025 18:33:11] "GET / HTTP/1.1" 200 -]
[2025-09-19 18:33:27,610: INFO: common: yaml file: config\config.yaml loaded successfully]
[2025-09-19 18:33:27,614: INFO: common: yaml file: params.yaml loaded successfully]
[2025-09-19 18:33:27,614: INFO: common: Created directory at: artifacts]
[2025-09-19 18:33:27,614: INFO: common: Created directory at: artifacts/model_evaluation]
[2025-09-19 18:33:27,618: INFO: model_pred: Found 45 models]
[2025-09-19 18:33:28,716: INFO: model_pred: Model loaded for store 1]
[2025-09-19 18:33:28,718: INFO: model_pred: Model loaded for store 10]
[2025-09-19 18:33:28,721: INFO: model_pred: Model loaded for store 11]
[2025-09-19 18:33:28,723: INFO: model_pred: Model loaded for store 12]
[2025-09-19 18:33:28,723: INFO: model_pred: Model loaded for store 13]
[2025-09-19 18:33:28,731: INFO: model_pred: Model loaded for store 14]
[2025-09-19 18:33:28,734: INFO: model_pred: Model loaded for store 15]
[2025-09-19 18:33:28,738: INFO: model_pred: Model loaded for store 16]
[2025-09-19 18:33:28,741: INFO: model_pred: Model loaded for store 17]
[2025-09-19 18:33:28,743: INFO: model_pred: Model loaded for store 18]
[2025-09-19 18:33:28,746: INFO: model_pred: Model loaded for store 19]
[2025-09-19 18:33:28,752: INFO: model_pred: Model loaded for store 2]
[2025-09-19 18:33:28,754: INFO: model_pred: Model loaded for store 20]
[2025-09-19 18:33:28,757: INFO: model_pred: Model loaded for store 21]
[2025-09-19 18:33:28,759: INFO: model_pred: Model loaded for store 22]
[2025-09-19 18:33:28,762: INFO: model_pred: Model loaded for store 23]
[2025-09-19 18:33:28,769: INFO: model_pred: Model loaded for store 24]
[2025-09-19 18:33:28,774: INFO: model_pred: Model loaded for store 25]
[2025-09-19 18:33:28,779: INFO: model_pred: Model loaded for store 26]
[2025-09-19 18:33:28,783: INFO: model_pred: Model loaded for store 27]
[2025-09-19 18:33:28,786: INFO: model_pred: Model loaded for store 28]
[2025-09-19 18:33:28,786: INFO: model_pred: Model loaded for store 29]
[2025-09-19 18:33:28,793: INFO: model_pred: Model loaded for store 3]
[2025-09-19 18:33:28,797: INFO: model_pred: Model loaded for store 30]
[2025-09-19 18:33:28,801: INFO: model_pred: Model loaded for store 31]
[2025-09-19 18:33:28,804: INFO: model_pred: Model loaded for store 32]
[2025-09-19 18:33:28,806: INFO: model_pred: Model loaded for store 33]
[2025-09-19 18:33:28,808: INFO: model_pred: Model loaded for store 34]
[2025-09-19 18:33:28,810: INFO: model_pred: Model loaded for store 35]
[2025-09-19 18:33:28,813: INFO: model_pred: Model loaded for store 36]
[2025-09-19 18:33:28,816: INFO: model_pred: Model loaded for store 37]
[2025-09-19 18:33:28,818: INFO: model_pred: Model loaded for store 38]
[2025-09-19 18:33:28,822: INFO: model_pred: Model loaded for store 39]
[2025-09-19 18:33:28,825: INFO: model_pred: Model loaded for store 4]
[2025-09-19 18:33:28,827: INFO: model_pred: Model loaded for store 40]
[2025-09-19 18:33:28,830: INFO: model_pred: Model loaded for store 41]
[2025-09-19 18:33:28,831: INFO: model_pred: Model loaded for store 42]
[2025-09-19 18:33:28,836: INFO: model_pred: Model loaded for store 43]
[2025-09-19 18:33:28,838: INFO: model_pred: Model loaded for store 44]
[2025-09-19 18:33:28,840: INFO: model_pred: Model loaded for store 45]
[2025-09-19 18:33:28,840: INFO: model_pred: Model loaded for store 5]
[2025-09-19 18:33:28,840: INFO: model_pred: Model loaded for store 6]
[2025-09-19 18:33:28,848: INFO: model_pred: Model loaded for store 7]
[2025-09-19 18:33:28,852: INFO: model_pred: Model loaded for store 8]
[2025-09-19 18:33:28,854: INFO: model_pred: Model loaded for store 9]
[2025-09-19 18:33:28,939: INFO: model_pred: prediction for store 3 on 2010-05-03 is $397,794.69]
[2025-09-19 18:33:28,940: INFO: _internal: 127.0.0.1 - - [19/Sep/2025 18:33:28] "POST / HTTP/1.1" 200 -]
[2025-09-19 18:33:30,376: INFO: common: yaml file: config\config.yaml loaded successfully]
[2025-09-19 18:33:30,380: INFO: common: yaml file: params.yaml loaded successfully]
[2025-09-19 18:33:30,380: INFO: common: Created directory at: artifacts]
[2025-09-19 18:33:30,382: INFO: common: Created directory at: artifacts/model_evaluation]
[2025-09-19 18:33:30,384: INFO: model_pred: Found 45 models]
[2025-09-19 18:33:30,384: INFO: model_pred: Model loaded for store 1]
[2025-09-19 18:33:30,386: INFO: model_pred: Model loaded for store 10]
[2025-09-19 18:33:30,442: INFO: model_pred: Model loaded for store 11]
[2025-09-19 18:33:30,445: INFO: model_pred: Model loaded for store 12]
[2025-09-19 18:33:30,447: INFO: model_pred: Model loaded for store 13]
[2025-09-19 18:33:30,451: INFO: model_pred: Model loaded for store 14]
[2025-09-19 18:33:30,451: INFO: model_pred: Model loaded for store 15]
[2025-09-19 18:33:30,453: INFO: model_pred: Model loaded for store 16]
[2025-09-19 18:33:30,453: INFO: model_pred: Model loaded for store 17]
[2025-09-19 18:33:30,457: INFO: model_pred: Model loaded for store 18]
[2025-09-19 18:33:30,457: INFO: model_pred: Model loaded for store 19]
[2025-09-19 18:33:30,460: INFO: model_pred: Model loaded for store 2]
[2025-09-19 18:33:30,463: INFO: model_pred: Model loaded for store 20]
[2025-09-19 18:33:30,465: INFO: model_pred: Model loaded for store 21]
[2025-09-19 18:33:30,468: INFO: model_pred: Model loaded for store 22]
[2025-09-19 18:33:30,470: INFO: model_pred: Model loaded for store 23]
[2025-09-19 18:33:30,472: INFO: model_pred: Model loaded for store 24]
[2025-09-19 18:33:30,472: INFO: model_pred: Model loaded for store 25]
[2025-09-19 18:33:30,476: INFO: model_pred: Model loaded for store 26]
[2025-09-19 18:33:30,477: INFO: model_pred: Model loaded for store 27]
[2025-09-19 18:33:30,479: INFO: model_pred: Model loaded for store 28]
[2025-09-19 18:33:30,481: INFO: model_pred: Model loaded for store 29]
[2025-09-19 18:33:30,483: INFO: model_pred: Model loaded for store 3]
[2025-09-19 18:33:30,486: INFO: model_pred: Model loaded for store 30]
[2025-09-19 18:33:30,486: INFO: model_pred: Model loaded for store 31]
[2025-09-19 18:33:30,489: INFO: model_pred: Model loaded for store 32]
[2025-09-19 18:33:30,491: INFO: model_pred: Model loaded for store 33]
[2025-09-19 18:33:30,491: INFO: model_pred: Model loaded for store 34]
[2025-09-19 18:33:30,495: INFO: model_pred: Model loaded for store 35]
[2025-09-19 18:33:30,498: INFO: model_pred: Model loaded for store 36]
[2025-09-19 18:33:30,500: INFO: model_pred: Model loaded for store 37]
[2025-09-19 18:33:30,503: INFO: model_pred: Model loaded for store 38]
[2025-09-19 18:33:30,504: INFO: model_pred: Model loaded for store 39]
[2025-09-19 18:33:30,506: INFO: model_pred: Model loaded for store 4]
[2025-09-19 18:33:30,509: INFO: model_pred: Model loaded for store 40]
[2025-09-19 18:33:30,510: INFO: model_pred: Model loaded for store 41]
[2025-09-19 18:33:30,513: INFO: model_pred: Model loaded for store 42]
[2025-09-19 18:33:30,515: INFO: model_pred: Model loaded for store 43]
[2025-09-19 18:33:30,519: INFO: model_pred: Model loaded for store 44]
[2025-09-19 18:33:30,520: INFO: model_pred: Model loaded for store 45]
[2025-09-19 18:33:30,523: INFO: model_pred: Model loaded for store 5]
[2025-09-19 18:33:30,525: INFO: model_pred: Model loaded for store 6]
[2025-09-19 18:33:30,526: INFO: model_pred: Model loaded for store 7]
[2025-09-19 18:33:30,530: INFO: model_pred: Model loaded for store 8]
[2025-09-19 18:33:30,532: INFO: model_pred: Model loaded for store 9]
[2025-09-19 18:33:30,568: INFO: model_pred: prediction for store 3 on 2010-05-03 is $397,794.69]
[2025-09-19 18:33:30,572: INFO: _internal: 127.0.0.1 - - [19/Sep/2025 18:33:30] "POST / HTTP/1.1" 200 -]
[2025-09-19 18:33:30,894: INFO: common: yaml file: config\config.yaml loaded successfully]
[2025-09-19 18:33:30,897: INFO: common: yaml file: params.yaml loaded successfully]
[2025-09-19 18:33:30,897: INFO: common: Created directory at: artifacts]
[2025-09-19 18:33:30,897: INFO: common: Created directory at: artifacts/model_evaluation]
[2025-09-19 18:33:30,897: INFO: model_pred: Found 45 models]
[2025-09-19 18:33:30,897: INFO: model_pred: Model loaded for store 1]
[2025-09-19 18:33:30,903: INFO: model_pred: Model loaded for store 10]
[2025-09-19 18:33:30,905: INFO: model_pred: Model loaded for store 11]
[2025-09-19 18:33:30,908: INFO: model_pred: Model loaded for store 12]
[2025-09-19 18:33:30,908: INFO: model_pred: Model loaded for store 13]
[2025-09-19 18:33:30,908: INFO: model_pred: Model loaded for store 14]
[2025-09-19 18:33:30,914: INFO: model_pred: Model loaded for store 15]
[2025-09-19 18:33:30,917: INFO: model_pred: Model loaded for store 16]
[2025-09-19 18:33:30,917: INFO: model_pred: Model loaded for store 17]
[2025-09-19 18:33:30,920: INFO: model_pred: Model loaded for store 18]
[2025-09-19 18:33:30,920: INFO: model_pred: Model loaded for store 19]
[2025-09-19 18:33:30,920: INFO: model_pred: Model loaded for store 2]
[2025-09-19 18:33:30,920: INFO: model_pred: Model loaded for store 20]
[2025-09-19 18:33:30,926: INFO: model_pred: Model loaded for store 21]
[2025-09-19 18:33:30,929: INFO: model_pred: Model loaded for store 22]
[2025-09-19 18:33:30,932: INFO: model_pred: Model loaded for store 23]
[2025-09-19 18:33:30,934: INFO: model_pred: Model loaded for store 24]
[2025-09-19 18:33:30,936: INFO: model_pred: Model loaded for store 25]
[2025-09-19 18:33:30,937: INFO: model_pred: Model loaded for store 26]
[2025-09-19 18:33:30,937: INFO: model_pred: Model loaded for store 27]
[2025-09-19 18:33:30,937: INFO: model_pred: Model loaded for store 28]
[2025-09-19 18:33:30,937: INFO: model_pred: Model loaded for store 29]
[2025-09-19 18:33:30,945: INFO: model_pred: Model loaded for store 3]
[2025-09-19 18:33:30,947: INFO: model_pred: Model loaded for store 30]
[2025-09-19 18:33:30,950: INFO: model_pred: Model loaded for store 31]
[2025-09-19 18:33:30,952: INFO: model_pred: Model loaded for store 32]
[2025-09-19 18:33:30,952: INFO: model_pred: Model loaded for store 33]
[2025-09-19 18:33:30,952: INFO: model_pred: Model loaded for store 34]
[2025-09-19 18:33:30,957: INFO: model_pred: Model loaded for store 35]
[2025-09-19 18:33:30,958: INFO: model_pred: Model loaded for store 36]
[2025-09-19 18:33:30,958: INFO: model_pred: Model loaded for store 37]
[2025-09-19 18:33:30,962: INFO: model_pred: Model loaded for store 38]
[2025-09-19 18:33:30,964: INFO: model_pred: Model loaded for store 39]
[2025-09-19 18:33:30,966: INFO: model_pred: Model loaded for store 4]
[2025-09-19 18:33:30,969: INFO: model_pred: Model loaded for store 40]
[2025-09-19 18:33:30,969: INFO: model_pred: Model loaded for store 41]
[2025-09-19 18:33:30,969: INFO: model_pred: Model loaded for store 42]
[2025-09-19 18:33:30,969: INFO: model_pred: Model loaded for store 43]
[2025-09-19 18:33:30,969: INFO: model_pred: Model loaded for store 44]
[2025-09-19 18:33:30,976: INFO: model_pred: Model loaded for store 45]
[2025-09-19 18:33:30,982: INFO: model_pred: Model loaded for store 5]
[2025-09-19 18:33:30,982: INFO: model_pred: Model loaded for store 6]
[2025-09-19 18:33:30,986: INFO: model_pred: Model loaded for store 7]
[2025-09-19 18:33:30,986: INFO: model_pred: Model loaded for store 8]
[2025-09-19 18:33:30,990: INFO: model_pred: Model loaded for store 9]
[2025-09-19 18:33:31,022: INFO: model_pred: prediction for store 3 on 2010-05-03 is $397,794.69]
[2025-09-19 18:33:31,029: INFO: _internal: 127.0.0.1 - - [19/Sep/2025 18:33:31] "POST / HTTP/1.1" 200 -]
[2025-09-19 18:33:31,378: INFO: common: yaml file: config\config.yaml loaded successfully]
[2025-09-19 18:33:31,380: INFO: common: yaml file: params.yaml loaded successfully]
[2025-09-19 18:33:31,381: INFO: common: Created directory at: artifacts]
[2025-09-19 18:33:31,382: INFO: common: Created directory at: artifacts/model_evaluation]
[2025-09-19 18:33:31,383: INFO: model_pred: Found 45 models]
[2025-09-19 18:33:31,386: INFO: model_pred: Model loaded for store 1]
[2025-09-19 18:33:31,388: INFO: model_pred: Model loaded for store 10]
[2025-09-19 18:33:31,391: INFO: model_pred: Model loaded for store 11]
[2025-09-19 18:33:31,392: INFO: model_pred: Model loaded for store 12]
[2025-09-19 18:33:31,394: INFO: model_pred: Model loaded for store 13]
[2025-09-19 18:33:31,395: INFO: model_pred: Model loaded for store 14]
[2025-09-19 18:33:31,398: INFO: model_pred: Model loaded for store 15]
[2025-09-19 18:33:31,398: INFO: model_pred: Model loaded for store 16]
[2025-09-19 18:33:31,402: INFO: model_pred: Model loaded for store 17]
[2025-09-19 18:33:31,402: INFO: model_pred: Model loaded for store 18]
[2025-09-19 18:33:31,408: INFO: model_pred: Model loaded for store 19]
[2025-09-19 18:33:31,408: INFO: model_pred: Model loaded for store 2]
[2025-09-19 18:33:31,408: INFO: model_pred: Model loaded for store 20]
[2025-09-19 18:33:31,412: INFO: model_pred: Model loaded for store 21]
[2025-09-19 18:33:31,415: INFO: model_pred: Model loaded for store 22]
[2025-09-19 18:33:31,418: INFO: model_pred: Model loaded for store 23]
[2025-09-19 18:33:31,418: INFO: model_pred: Model loaded for store 24]
[2025-09-19 18:33:31,420: INFO: model_pred: Model loaded for store 25]
[2025-09-19 18:33:31,420: INFO: model_pred: Model loaded for store 26]
[2025-09-19 18:33:31,420: INFO: model_pred: Model loaded for store 27]
[2025-09-19 18:33:31,425: INFO: model_pred: Model loaded for store 28]
[2025-09-19 18:33:31,428: INFO: model_pred: Model loaded for store 29]
[2025-09-19 18:33:31,430: INFO: model_pred: Model loaded for store 3]
[2025-09-19 18:33:31,431: INFO: model_pred: Model loaded for store 30]
[2025-09-19 18:33:31,431: INFO: model_pred: Model loaded for store 31]
[2025-09-19 18:33:31,431: INFO: model_pred: Model loaded for store 32]
[2025-09-19 18:33:31,437: INFO: model_pred: Model loaded for store 33]
[2025-09-19 18:33:31,440: INFO: model_pred: Model loaded for store 34]
[2025-09-19 18:33:31,441: INFO: model_pred: Model loaded for store 35]
[2025-09-19 18:33:31,443: INFO: model_pred: Model loaded for store 36]
[2025-09-19 18:33:31,444: INFO: model_pred: Model loaded for store 37]
[2025-09-19 18:33:31,446: INFO: model_pred: Model loaded for store 38]
[2025-09-19 18:33:31,451: INFO: model_pred: Model loaded for store 39]
[2025-09-19 18:33:31,452: INFO: model_pred: Model loaded for store 4]
[2025-09-19 18:33:31,454: INFO: model_pred: Model loaded for store 40]
[2025-09-19 18:33:31,455: INFO: model_pred: Model loaded for store 41]
[2025-09-19 18:33:31,457: INFO: model_pred: Model loaded for store 42]
[2025-09-19 18:33:31,458: INFO: model_pred: Model loaded for store 43]
[2025-09-19 18:33:31,461: INFO: model_pred: Model loaded for store 44]
[2025-09-19 18:33:31,464: INFO: model_pred: Model loaded for store 45]
[2025-09-19 18:33:31,465: INFO: model_pred: Model loaded for store 5]
[2025-09-19 18:33:31,466: INFO: model_pred: Model loaded for store 6]
[2025-09-19 18:33:31,469: INFO: model_pred: Model loaded for store 7]
[2025-09-19 18:33:31,472: INFO: model_pred: Model loaded for store 8]
[2025-09-19 18:33:31,473: INFO: model_pred: Model loaded for store 9]
[2025-09-19 18:33:31,509: INFO: model_pred: prediction for store 3 on 2010-05-03 is $397,794.69]
[2025-09-19 18:33:31,510: INFO: _internal: 127.0.0.1 - - [19/Sep/2025 18:33:31] "POST / HTTP/1.1" 200 -]
[2025-09-19 18:33:31,714: INFO: common: yaml file: config\config.yaml loaded successfully]
[2025-09-19 18:33:31,716: INFO: common: yaml file: params.yaml loaded successfully]
[2025-09-19 18:33:31,718: INFO: common: Created directory at: artifacts]
[2025-09-19 18:33:31,719: INFO: common: Created directory at: artifacts/model_evaluation]
[2025-09-19 18:33:31,720: INFO: model_pred: Found 45 models]
[2025-09-19 18:33:31,722: INFO: model_pred: Model loaded for store 1]
[2025-09-19 18:33:31,724: INFO: model_pred: Model loaded for store 10]
[2025-09-19 18:33:31,725: INFO: model_pred: Model loaded for store 11]
[2025-09-19 18:33:31,729: INFO: model_pred: Model loaded for store 12]
[2025-09-19 18:33:31,731: INFO: model_pred: Model loaded for store 13]
[2025-09-19 18:33:31,731: INFO: model_pred: Model loaded for store 14]
[2025-09-19 18:33:31,737: INFO: model_pred: Model loaded for store 15]
[2025-09-19 18:33:31,738: INFO: model_pred: Model loaded for store 16]
[2025-09-19 18:33:31,738: INFO: model_pred: Model loaded for store 17]
[2025-09-19 18:33:31,740: INFO: model_pred: Model loaded for store 18]
[2025-09-19 18:33:31,743: INFO: model_pred: Model loaded for store 19]
[2025-09-19 18:33:31,745: INFO: model_pred: Model loaded for store 2]
[2025-09-19 18:33:31,748: INFO: model_pred: Model loaded for store 20]
[2025-09-19 18:33:31,756: INFO: model_pred: Model loaded for store 21]
[2025-09-19 18:33:31,762: INFO: model_pred: Model loaded for store 22]
[2025-09-19 18:33:31,767: INFO: model_pred: Model loaded for store 23]
[2025-09-19 18:33:31,773: INFO: model_pred: Model loaded for store 24]
[2025-09-19 18:33:31,776: INFO: model_pred: Model loaded for store 25]
[2025-09-19 18:33:31,784: INFO: model_pred: Model loaded for store 26]
[2025-09-19 18:33:31,788: INFO: model_pred: Model loaded for store 27]
[2025-09-19 18:33:31,793: INFO: model_pred: Model loaded for store 28]
[2025-09-19 18:33:31,801: INFO: model_pred: Model loaded for store 29]
[2025-09-19 18:33:31,803: INFO: model_pred: Model loaded for store 3]
[2025-09-19 18:33:31,805: INFO: model_pred: Model loaded for store 30]
[2025-09-19 18:33:31,810: INFO: model_pred: Model loaded for store 31]
[2025-09-19 18:33:31,814: INFO: model_pred: Model loaded for store 32]
[2025-09-19 18:33:31,816: INFO: model_pred: Model loaded for store 33]
[2025-09-19 18:33:31,818: INFO: model_pred: Model loaded for store 34]
[2025-09-19 18:33:31,821: INFO: model_pred: Model loaded for store 35]
[2025-09-19 18:33:31,826: INFO: model_pred: Model loaded for store 36]
[2025-09-19 18:33:31,829: INFO: model_pred: Model loaded for store 37]
[2025-09-19 18:33:31,833: INFO: model_pred: Model loaded for store 38]
[2025-09-19 18:33:31,835: INFO: model_pred: Model loaded for store 39]
[2025-09-19 18:33:31,837: INFO: model_pred: Model loaded for store 4]
[2025-09-19 18:33:31,838: INFO: model_pred: Model loaded for store 40]
[2025-09-19 18:33:31,840: INFO: model_pred: Model loaded for store 41]
[2025-09-19 18:33:31,841: INFO: model_pred: Model loaded for store 42]
[2025-09-19 18:33:31,842: INFO: model_pred: Model loaded for store 43]
[2025-09-19 18:33:31,845: INFO: model_pred: Model loaded for store 44]
[2025-09-19 18:33:31,847: INFO: model_pred: Model loaded for store 45]
[2025-09-19 18:33:31,848: INFO: model_pred: Model loaded for store 5]
[2025-09-19 18:33:31,848: INFO: model_pred: Model loaded for store 6]
[2025-09-19 18:33:31,848: INFO: model_pred: Model loaded for store 7]
[2025-09-19 18:33:31,854: INFO: model_pred: Model loaded for store 8]
[2025-09-19 18:33:31,858: INFO: model_pred: Model loaded for store 9]
[2025-09-19 18:33:31,887: INFO: model_pred: prediction for store 3 on 2010-05-03 is $397,794.69]
[2025-09-19 18:33:31,898: INFO: _internal: 127.0.0.1 - - [19/Sep/2025 18:33:31] "POST / HTTP/1.1" 200 -]
[2025-09-19 18:33:36,241: INFO: common: yaml file: config\config.yaml loaded successfully]
[2025-09-19 18:33:36,242: INFO: common: yaml file: params.yaml loaded successfully]
[2025-09-19 18:33:36,244: INFO: common: Created directory at: artifacts]
[2025-09-19 18:33:36,244: INFO: common: Created directory at: artifacts/model_evaluation]
[2025-09-19 18:33:36,246: INFO: model_pred: Found 45 models]
[2025-09-19 18:33:36,247: INFO: model_pred: Model loaded for store 1]
[2025-09-19 18:33:36,249: INFO: model_pred: Model loaded for store 10]
[2025-09-19 18:33:36,249: INFO: model_pred: Model loaded for store 11]
[2025-09-19 18:33:36,255: INFO: model_pred: Model loaded for store 12]
[2025-09-19 18:33:36,255: INFO: model_pred: Model loaded for store 13]
[2025-09-19 18:33:36,257: INFO: model_pred: Model loaded for store 14]
[2025-09-19 18:33:36,260: INFO: model_pred: Model loaded for store 15]
[2025-09-19 18:33:36,261: INFO: model_pred: Model loaded for store 16]
[2025-09-19 18:33:36,263: INFO: model_pred: Model loaded for store 17]
[2025-09-19 18:33:36,265: INFO: model_pred: Model loaded for store 18]
[2025-09-19 18:33:36,268: INFO: model_pred: Model loaded for store 19]
[2025-09-19 18:33:36,270: INFO: model_pred: Model loaded for store 2]
[2025-09-19 18:33:36,272: INFO: model_pred: Model loaded for store 20]
[2025-09-19 18:33:36,273: INFO: model_pred: Model loaded for store 21]
[2025-09-19 18:33:36,274: INFO: model_pred: Model loaded for store 22]
[2025-09-19 18:33:36,275: INFO: model_pred: Model loaded for store 23]
[2025-09-19 18:33:36,278: INFO: model_pred: Model loaded for store 24]
[2025-09-19 18:33:36,282: INFO: model_pred: Model loaded for store 25]
[2025-09-19 18:33:36,282: INFO: model_pred: Model loaded for store 26]
[2025-09-19 18:33:36,282: INFO: model_pred: Model loaded for store 27]
[2025-09-19 18:33:36,287: INFO: model_pred: Model loaded for store 28]
[2025-09-19 18:33:36,290: INFO: model_pred: Model loaded for store 29]
[2025-09-19 18:33:36,292: INFO: model_pred: Model loaded for store 3]
[2025-09-19 18:33:36,292: INFO: model_pred: Model loaded for store 30]
[2025-09-19 18:33:36,297: INFO: model_pred: Model loaded for store 31]
[2025-09-19 18:33:36,299: INFO: model_pred: Model loaded for store 32]
[2025-09-19 18:33:36,302: INFO: model_pred: Model loaded for store 33]
[2025-09-19 18:33:36,302: INFO: model_pred: Model loaded for store 34]
[2025-09-19 18:33:36,304: INFO: model_pred: Model loaded for store 35]
[2025-09-19 18:33:36,306: INFO: model_pred: Model loaded for store 36]
[2025-09-19 18:33:36,307: INFO: model_pred: Model loaded for store 37]
[2025-09-19 18:33:36,310: INFO: model_pred: Model loaded for store 38]
[2025-09-19 18:33:36,312: INFO: model_pred: Model loaded for store 39]
[2025-09-19 18:33:36,314: INFO: model_pred: Model loaded for store 4]
[2025-09-19 18:33:36,316: INFO: model_pred: Model loaded for store 40]
[2025-09-19 18:33:36,316: INFO: model_pred: Model loaded for store 41]
[2025-09-19 18:33:36,316: INFO: model_pred: Model loaded for store 42]
[2025-09-19 18:33:36,316: INFO: model_pred: Model loaded for store 43]
[2025-09-19 18:33:36,324: INFO: model_pred: Model loaded for store 44]
[2025-09-19 18:33:36,324: INFO: model_pred: Model loaded for store 45]
[2025-09-19 18:33:36,326: INFO: model_pred: Model loaded for store 5]
[2025-09-19 18:33:36,328: INFO: model_pred: Model loaded for store 6]
[2025-09-19 18:33:36,332: INFO: model_pred: Model loaded for store 7]
[2025-09-19 18:33:36,334: INFO: model_pred: Model loaded for store 8]
[2025-09-19 18:33:36,334: INFO: model_pred: Model loaded for store 9]
[2025-09-19 18:33:36,336: INFO: _internal: 127.0.0.1 - - [19/Sep/2025 18:33:36] "POST / HTTP/1.1" 200 -]
